<?xml version="1.0" encoding="UTF-8"?>
<testsuite xmlns:xsi="http://www.w3.org/2001/XMLSchema-instance" xsi:noNamespaceSchemaLocation="https://maven.apache.org/surefire/maven-surefire-plugin/xsd/surefire-test-report-3.0.xsd" version="3.0" name="SmartFinTest" time="0.009" tests="6" errors="0" skipped="0" failures="0">
  <properties>
[...]
</properties>
  <testcase name="testValidationWithValidInteger" classname="SmartFinTest" time="0.003">
    <system-out><![CDATA[Enter number: ]]></system-out>
  </testcase>
  <testcase name="testAnalyzeCategoryName" classname="SmartFinTest" time="0.002"/>
  <testcase name="testSavingsGoalEstimator" classname="SmartFinTest" time="0.001"/>
  <testcase name="testValidationWithValidDouble" classname="SmartFinTest" time="0.001"/>
  <testcase name="testValidationInvalidThenValid" classname="SmartFinTest" time="0"/>
  <testcase name="testValidateAndFormatDate" classname="SmartFinTest" time="0.001"/>
</testsuite>